<?xml version="1.0" encoding="UTF-8"?>
<!-- Generated by org.testng.reporters.JUnitReportReporter -->
<testsuite hostname="Mehedis-MacBook-Air.local" failures="0" tests="1" name="phSkillTest.PaginationTest" time="7.682" errors="0" timestamp="2025-04-11T17:42:59 BDT" skipped="0">
  <testcase classname="phSkillTest.PaginationTest" name="testPagination" time="7.682"/>
</testsuite> <!-- phSkillTest.PaginationTest -->
