<?xml version="1.0" encoding="UTF-8"?>
<!-- Generated by org.testng.reporters.JUnitReportReporter -->
<testsuite hostname="Mehedis-MacBook-Air.local" failures="0" tests="1" name="phSkillTest.QuantityButtonTest" time="10.925" errors="0" timestamp="2025-04-11T17:17:14 BDT" skipped="0">
  <testcase classname="phSkillTest.QuantityButtonTest" name="testPlusButtonClick" time="10.925"/>
</testsuite> <!-- phSkillTest.QuantityButtonTest -->
